0 info it worked if it ends with ok
1 verbose cli [ '/usr/local/bin/node',
1 verbose cli   '/usr/local/bin/npm',
1 verbose cli   'install',
1 verbose cli   'express-generator',
1 verbose cli   '--save' ]
2 info using npm@2.15.9
3 info using node@v4.6.1
4 verbose config Skipping project config: /Users/anthonysarno1/.npmrc. (matches userconfig)
5 verbose install initial load of /Users/anthonysarno1/package.json
6 verbose installManyTop reading scoped package data from /Users/anthonysarno1/node_modules/babel-core/package.json
7 verbose installManyTop reading scoped package data from /Users/anthonysarno1/node_modules/babel-loader/package.json
8 verbose installManyTop reading scoped package data from /Users/anthonysarno1/node_modules/eslint/package.json
9 verbose installManyTop reading scoped package data from /Users/anthonysarno1/node_modules/eslint-config-rallycoding/package.json
10 verbose installManyTop reading scoped package data from /Users/anthonysarno1/node_modules/express/package.json
11 verbose installManyTop reading scoped package data from /Users/anthonysarno1/node_modules/express-generator/package.json
12 verbose installManyTop reading scoped package data from /Users/anthonysarno1/node_modules/google-map-react/package.json
13 verbose installManyTop reading scoped package data from /Users/anthonysarno1/node_modules/react/package.json
14 verbose installManyTop reading scoped package data from /Users/anthonysarno1/node_modules/ubuntu/package.json
15 verbose installManyTop reading scoped package data from /Users/anthonysarno1/node_modules/webpack/package.json
16 info package.json eslint-config-rallycoding@3.1.0 No description
17 info package.json eslint-config-rallycoding@3.1.0 No repository field.
18 info package.json eslint-config-rallycoding@3.1.0 No README data
19 verbose readDependencies loading dependencies from /Users/anthonysarno1/package.json
20 verbose install express-generator is installed as 4.13.4
21 silly cache add args [ 'express-generator', null ]
22 verbose cache add spec express-generator
23 silly cache add parsed spec Result {
23 silly cache add   raw: 'express-generator',
23 silly cache add   scope: null,
23 silly cache add   name: 'express-generator',
23 silly cache add   rawSpec: '',
23 silly cache add   spec: 'latest',
23 silly cache add   type: 'tag' }
24 silly addNamed express-generator@latest
25 verbose addNamed "latest" is being treated as a dist-tag for express-generator
26 info addNameTag [ 'express-generator', 'latest' ]
27 silly mapToRegistry name express-generator
28 silly mapToRegistry using default registry
29 silly mapToRegistry registry https://registry.npmjs.org/
30 silly mapToRegistry data Result {
30 silly mapToRegistry   raw: 'express-generator',
30 silly mapToRegistry   scope: null,
30 silly mapToRegistry   name: 'express-generator',
30 silly mapToRegistry   rawSpec: '',
30 silly mapToRegistry   spec: 'latest',
30 silly mapToRegistry   type: 'tag' }
31 silly mapToRegistry uri https://registry.npmjs.org/express-generator
32 verbose addNameTag registry:https://registry.npmjs.org/express-generator not in flight; fetching
33 verbose request uri https://registry.npmjs.org/express-generator
34 verbose request no auth needed
35 info attempt registry request try #1 at 12:18:47 PM
36 verbose request id c27f1ae2322432b8
37 verbose etag "XMOYUVI18L8274027YQXFRWG"
38 http request GET https://registry.npmjs.org/express-generator
39 http 304 https://registry.npmjs.org/express-generator
40 verbose headers { date: 'Fri, 28 Oct 2016 19:18:43 GMT',
40 verbose headers   via: '1.1 varnish',
40 verbose headers   'cache-control': 'max-age=300',
40 verbose headers   etag: '"XMOYUVI18L8274027YQXFRWG"',
40 verbose headers   age: '117',
40 verbose headers   connection: 'keep-alive',
40 verbose headers   'x-served-by': 'cache-sea1925-SEA',
40 verbose headers   'x-cache': 'HIT',
40 verbose headers   'x-cache-hits': '1',
40 verbose headers   'x-timer': 'S1477682323.520073,VS0,VE0',
40 verbose headers   vary: 'Accept-Encoding' }
41 silly get cb [ 304,
41 silly get   { date: 'Fri, 28 Oct 2016 19:18:43 GMT',
41 silly get     via: '1.1 varnish',
41 silly get     'cache-control': 'max-age=300',
41 silly get     etag: '"XMOYUVI18L8274027YQXFRWG"',
41 silly get     age: '117',
41 silly get     connection: 'keep-alive',
41 silly get     'x-served-by': 'cache-sea1925-SEA',
41 silly get     'x-cache': 'HIT',
41 silly get     'x-cache-hits': '1',
41 silly get     'x-timer': 'S1477682323.520073,VS0,VE0',
41 silly get     vary: 'Accept-Encoding' } ]
42 verbose etag https://registry.npmjs.org/express-generator from cache
43 verbose get saving express-generator to /Users/anthonysarno1/.npm/registry.npmjs.org/express-generator/.cache.json
44 verbose correctMkdir /Users/anthonysarno1/.npm correctMkdir not in flight; initializing
45 silly addNameTag next cb for express-generator with tag latest
46 silly addNamed express-generator@4.13.4
47 verbose addNamed "4.13.4" is a plain semver version for express-generator
48 silly cache afterAdd express-generator@4.13.4
49 verbose afterAdd /Users/anthonysarno1/.npm/express-generator/4.13.4/package/package.json not in flight; writing
50 verbose correctMkdir /Users/anthonysarno1/.npm correctMkdir not in flight; initializing
51 verbose afterAdd /Users/anthonysarno1/.npm/express-generator/4.13.4/package/package.json written
52 silly install resolved [ { name: 'express-generator',
52 silly install resolved     description: 'Express\' application generator',
52 silly install resolved     version: '4.13.4',
52 silly install resolved     author: { name: 'TJ Holowaychuk', email: 'tj@vision-media.ca' },
52 silly install resolved     contributors: [ [Object], [Object], [Object], [Object], [Object], [Object] ],
52 silly install resolved     keywords:
52 silly install resolved      [ 'express',
52 silly install resolved        'framework',
52 silly install resolved        'sinatra',
52 silly install resolved        'web',
52 silly install resolved        'rest',
52 silly install resolved        'restful',
52 silly install resolved        'router',
52 silly install resolved        'app',
52 silly install resolved        'api' ],
52 silly install resolved     repository:
52 silly install resolved      { type: 'git',
52 silly install resolved        url: 'git+https://github.com/expressjs/generator.git' },
52 silly install resolved     license: 'MIT',
52 silly install resolved     dependencies: { commander: '2.7.1', mkdirp: '0.5.1', 'sorted-object': '2.0.0' },
52 silly install resolved     main: 'bin/express',
52 silly install resolved     preferGlobal: true,
52 silly install resolved     bin: { express: './bin/express' },
52 silly install resolved     devDependencies: { mocha: '2.4.5', rimraf: '2.5.2', supertest: '1.2.0' },
52 silly install resolved     engines: { node: '>= 0.10' },
52 silly install resolved     files: [ 'LICENSE', 'bin/', 'templates/' ],
52 silly install resolved     scripts:
52 silly install resolved      { test: 'mocha --reporter spec --bail --check-leaks test/',
52 silly install resolved        'test-ci': 'mocha --reporter spec --check-leaks test/' },
52 silly install resolved     gitHead: 'f7b1543a297425f541f0b18c3312105c403a660f',
52 silly install resolved     bugs: { url: 'https://github.com/expressjs/generator/issues' },
52 silly install resolved     homepage: 'https://github.com/expressjs/generator',
52 silly install resolved     _id: 'express-generator@4.13.4',
52 silly install resolved     _shasum: '3abec2e5e7b548820075024954ff7fa6a447e5eb',
52 silly install resolved     _from: 'express-generator@latest',
52 silly install resolved     _npmVersion: '1.4.28',
52 silly install resolved     _npmUser: { name: 'dougwilson', email: 'doug@somethingdoug.com' },
52 silly install resolved     maintainers: [ [Object] ],
52 silly install resolved     dist:
52 silly install resolved      { shasum: '3abec2e5e7b548820075024954ff7fa6a447e5eb',
52 silly install resolved        tarball: 'https://registry.npmjs.org/express-generator/-/express-generator-4.13.4.tgz' },
52 silly install resolved     _npmOperationalInternal:
52 silly install resolved      { host: 'packages-16-east.internal.npmjs.com',
52 silly install resolved        tmp: 'tmp/express-generator-4.13.4.tgz_1466223574112_0.6206904440186918' },
52 silly install resolved     directories: {},
52 silly install resolved     _resolved: 'https://registry.npmjs.org/express-generator/-/express-generator-4.13.4.tgz',
52 silly install resolved     readme: 'ERROR: No README data found!' } ]
53 info install express-generator@4.13.4 into /Users/anthonysarno1
54 info installOne express-generator@4.13.4
55 verbose installOne of express-generator to /Users/anthonysarno1 not in flight; installing
56 verbose correctMkdir /Users/anthonysarno1/.npm/_locks correctMkdir not in flight; initializing
57 verbose lock using /Users/anthonysarno1/.npm/_locks/express-generator-b01359facfad8c11.lock for /Users/anthonysarno1/node_modules/express-generator
58 silly install write writing express-generator 4.13.4 to /Users/anthonysarno1/node_modules/express-generator
59 verbose unbuild node_modules/express-generator
60 info preuninstall express-generator@4.13.4
61 info uninstall express-generator@4.13.4
62 verbose unbuild rmStuff express-generator@4.13.4 from /Users/anthonysarno1/node_modules
63 silly gentlyRm /Users/anthonysarno1/node_modules/.bin/express is being gently removed
64 silly gentlyRm verifying /Users/anthonysarno1 is an npm working directory
65 silly gentlyRm containing path /Users/anthonysarno1 is under npm's control, in /Users/anthonysarno1
66 silly gentlyRm deletion target /Users/anthonysarno1/node_modules/.bin/express is under /Users/anthonysarno1
67 verbose gentlyRm vacuuming from /Users/anthonysarno1/node_modules/.bin/express up to /Users/anthonysarno1
68 silly vacuum-fs removing /Users/anthonysarno1/node_modules/.bin/express
69 silly vacuum-fs quitting because other entries in /Users/anthonysarno1/node_modules/.bin
70 info postuninstall express-generator@4.13.4
71 silly gentlyRm /Users/anthonysarno1/node_modules/express-generator is being purged from base /Users/anthonysarno1
72 verbose gentlyRm don't care about contents; nuking /Users/anthonysarno1/node_modules/express-generator
73 silly vacuum-fs purging /Users/anthonysarno1/node_modules/express-generator
74 silly vacuum-fs quitting because other entries in /Users/anthonysarno1/node_modules
75 verbose tar unpack /Users/anthonysarno1/.npm/express-generator/4.13.4/package.tgz
76 verbose tar unpacking to /Users/anthonysarno1/node_modules/express-generator
77 silly gentlyRm /Users/anthonysarno1/node_modules/express-generator is being purged
78 verbose gentlyRm don't care about contents; nuking /Users/anthonysarno1/node_modules/express-generator
79 silly gunzTarPerm modes [ '755', '644' ]
80 silly gunzTarPerm extractEntry package.json
81 silly gunzTarPerm modified mode [ 'package.json', 438, 420 ]
82 silly gunzTarPerm extractEntry README.md
83 silly gunzTarPerm modified mode [ 'README.md', 438, 420 ]
84 silly gunzTarPerm extractEntry LICENSE
85 silly gunzTarPerm modified mode [ 'LICENSE', 438, 420 ]
86 silly gunzTarPerm extractEntry bin/express
87 silly gunzTarPerm modified mode [ 'bin/express', 438, 420 ]
88 silly gunzTarPerm extractEntry templates/css/style.css
89 silly gunzTarPerm modified mode [ 'templates/css/style.css', 438, 420 ]
90 silly gunzTarPerm extractEntry templates/css/style.less
91 silly gunzTarPerm modified mode [ 'templates/css/style.less', 438, 420 ]
92 silly gunzTarPerm extractEntry templates/css/style.sass
93 silly gunzTarPerm modified mode [ 'templates/css/style.sass', 438, 420 ]
94 silly gunzTarPerm extractEntry templates/css/style.scss
95 silly gunzTarPerm modified mode [ 'templates/css/style.scss', 438, 420 ]
96 silly gunzTarPerm extractEntry templates/css/style.styl
97 silly gunzTarPerm modified mode [ 'templates/css/style.styl', 438, 420 ]
98 silly gunzTarPerm extractEntry templates/ejs/error.ejs
99 silly gunzTarPerm modified mode [ 'templates/ejs/error.ejs', 438, 420 ]
100 silly gunzTarPerm extractEntry templates/ejs/index.ejs
101 silly gunzTarPerm modified mode [ 'templates/ejs/index.ejs', 438, 420 ]
102 silly gunzTarPerm extractEntry templates/hbs/error.hbs
103 silly gunzTarPerm modified mode [ 'templates/hbs/error.hbs', 438, 420 ]
104 silly gunzTarPerm extractEntry templates/hbs/index.hbs
105 silly gunzTarPerm modified mode [ 'templates/hbs/index.hbs', 438, 420 ]
106 silly gunzTarPerm extractEntry templates/hbs/layout.hbs
107 silly gunzTarPerm modified mode [ 'templates/hbs/layout.hbs', 438, 420 ]
108 silly gunzTarPerm extractEntry templates/hogan/error.hjs
109 silly gunzTarPerm modified mode [ 'templates/hogan/error.hjs', 438, 420 ]
110 silly gunzTarPerm extractEntry templates/hogan/index.hjs
111 silly gunzTarPerm modified mode [ 'templates/hogan/index.hjs', 438, 420 ]
112 silly gunzTarPerm extractEntry templates/jade/error.jade
113 silly gunzTarPerm modified mode [ 'templates/jade/error.jade', 438, 420 ]
114 silly gunzTarPerm extractEntry templates/jade/index.jade
115 silly gunzTarPerm modified mode [ 'templates/jade/index.jade', 438, 420 ]
116 silly gunzTarPerm extractEntry templates/jade/layout.jade
117 silly gunzTarPerm modified mode [ 'templates/jade/layout.jade', 438, 420 ]
118 silly gunzTarPerm extractEntry templates/js/app.js
119 silly gunzTarPerm modified mode [ 'templates/js/app.js', 438, 420 ]
120 silly gunzTarPerm extractEntry templates/js/gitignore
121 silly gunzTarPerm modified mode [ 'templates/js/gitignore', 438, 420 ]
122 silly gunzTarPerm extractEntry templates/js/routes/index.js
123 silly gunzTarPerm modified mode [ 'templates/js/routes/index.js', 438, 420 ]
124 silly gunzTarPerm extractEntry templates/js/routes/users.js
125 silly gunzTarPerm modified mode [ 'templates/js/routes/users.js', 438, 420 ]
126 silly gunzTarPerm extractEntry templates/js/www
127 silly gunzTarPerm modified mode [ 'templates/js/www', 438, 420 ]
128 verbose write writing to /Users/anthonysarno1/node_modules/express-generator/package.json
129 info preinstall express-generator@4.13.4
130 verbose readDependencies loading dependencies from /Users/anthonysarno1/node_modules/express-generator/package.json
131 silly prepareForInstallMany adding commander@2.7.1 from express-generator dependencies
132 silly prepareForInstallMany adding mkdirp@0.5.1 from express-generator dependencies
133 silly prepareForInstallMany adding sorted-object@2.0.0 from express-generator dependencies
134 verbose readDependencies loading dependencies from /Users/anthonysarno1/node_modules/express-generator/package.json
135 silly cache add args [ 'commander@2.7.1', null ]
136 verbose cache add spec commander@2.7.1
137 silly cache add args [ 'mkdirp@0.5.1', null ]
138 verbose cache add spec mkdirp@0.5.1
139 silly cache add parsed spec Result {
139 silly cache add   raw: 'commander@2.7.1',
139 silly cache add   scope: null,
139 silly cache add   name: 'commander',
139 silly cache add   rawSpec: '2.7.1',
139 silly cache add   spec: '2.7.1',
139 silly cache add   type: 'version' }
140 silly addNamed commander@2.7.1
141 verbose addNamed "2.7.1" is a plain semver version for commander
142 silly mapToRegistry name commander
143 silly mapToRegistry using default registry
144 silly mapToRegistry registry https://registry.npmjs.org/
145 silly mapToRegistry data Result {
145 silly mapToRegistry   raw: 'commander',
145 silly mapToRegistry   scope: null,
145 silly mapToRegistry   name: 'commander',
145 silly mapToRegistry   rawSpec: '',
145 silly mapToRegistry   spec: 'latest',
145 silly mapToRegistry   type: 'tag' }
146 silly mapToRegistry uri https://registry.npmjs.org/commander
147 verbose addNameVersion registry:https://registry.npmjs.org/commander not in flight; fetching
148 silly cache add parsed spec Result {
148 silly cache add   raw: 'mkdirp@0.5.1',
148 silly cache add   scope: null,
148 silly cache add   name: 'mkdirp',
148 silly cache add   rawSpec: '0.5.1',
148 silly cache add   spec: '0.5.1',
148 silly cache add   type: 'version' }
149 silly addNamed mkdirp@0.5.1
150 verbose addNamed "0.5.1" is a plain semver version for mkdirp
151 silly mapToRegistry name mkdirp
152 silly mapToRegistry using default registry
153 silly mapToRegistry registry https://registry.npmjs.org/
154 silly mapToRegistry data Result {
154 silly mapToRegistry   raw: 'mkdirp',
154 silly mapToRegistry   scope: null,
154 silly mapToRegistry   name: 'mkdirp',
154 silly mapToRegistry   rawSpec: '',
154 silly mapToRegistry   spec: 'latest',
154 silly mapToRegistry   type: 'tag' }
155 silly mapToRegistry uri https://registry.npmjs.org/mkdirp
156 verbose addNameVersion registry:https://registry.npmjs.org/mkdirp not in flight; fetching
157 silly cache add args [ 'sorted-object@2.0.0', null ]
158 verbose cache add spec sorted-object@2.0.0
159 silly cache add parsed spec Result {
159 silly cache add   raw: 'sorted-object@2.0.0',
159 silly cache add   scope: null,
159 silly cache add   name: 'sorted-object',
159 silly cache add   rawSpec: '2.0.0',
159 silly cache add   spec: '2.0.0',
159 silly cache add   type: 'version' }
160 silly addNamed sorted-object@2.0.0
161 verbose addNamed "2.0.0" is a plain semver version for sorted-object
162 silly mapToRegistry name sorted-object
163 silly mapToRegistry using default registry
164 silly mapToRegistry registry https://registry.npmjs.org/
165 silly mapToRegistry data Result {
165 silly mapToRegistry   raw: 'sorted-object',
165 silly mapToRegistry   scope: null,
165 silly mapToRegistry   name: 'sorted-object',
165 silly mapToRegistry   rawSpec: '',
165 silly mapToRegistry   spec: 'latest',
165 silly mapToRegistry   type: 'tag' }
166 silly mapToRegistry uri https://registry.npmjs.org/sorted-object
167 verbose addNameVersion registry:https://registry.npmjs.org/sorted-object not in flight; fetching
168 verbose request uri https://registry.npmjs.org/commander
169 verbose request no auth needed
170 info attempt registry request try #1 at 12:18:47 PM
171 verbose etag "536LRKNIBI9IO7E7QOAKSNBFW"
172 http request GET https://registry.npmjs.org/commander
173 verbose request uri https://registry.npmjs.org/mkdirp
174 verbose request no auth needed
175 info attempt registry request try #1 at 12:18:47 PM
176 verbose etag "2N1IBJGW5O8X8Y54NBGK7UVCW"
177 http request GET https://registry.npmjs.org/mkdirp
178 verbose request uri https://registry.npmjs.org/sorted-object
179 verbose request no auth needed
180 info attempt registry request try #1 at 12:18:47 PM
181 verbose etag "27R273M6KXDTRMCP5XWO1KLEV"
182 http request GET https://registry.npmjs.org/sorted-object
183 http 304 https://registry.npmjs.org/commander
184 verbose headers { date: 'Fri, 28 Oct 2016 19:18:43 GMT',
184 verbose headers   via: '1.1 varnish',
184 verbose headers   'cache-control': 'max-age=300',
184 verbose headers   etag: '"536LRKNIBI9IO7E7QOAKSNBFW"',
184 verbose headers   age: '244',
184 verbose headers   connection: 'keep-alive',
184 verbose headers   'x-served-by': 'cache-sea1925-SEA',
184 verbose headers   'x-cache': 'HIT',
184 verbose headers   'x-cache-hits': '54',
184 verbose headers   'x-timer': 'S1477682323.742759,VS0,VE0',
184 verbose headers   vary: 'Accept-Encoding' }
185 silly get cb [ 304,
185 silly get   { date: 'Fri, 28 Oct 2016 19:18:43 GMT',
185 silly get     via: '1.1 varnish',
185 silly get     'cache-control': 'max-age=300',
185 silly get     etag: '"536LRKNIBI9IO7E7QOAKSNBFW"',
185 silly get     age: '244',
185 silly get     connection: 'keep-alive',
185 silly get     'x-served-by': 'cache-sea1925-SEA',
185 silly get     'x-cache': 'HIT',
185 silly get     'x-cache-hits': '54',
185 silly get     'x-timer': 'S1477682323.742759,VS0,VE0',
185 silly get     vary: 'Accept-Encoding' } ]
186 verbose etag https://registry.npmjs.org/commander from cache
187 verbose get saving commander to /Users/anthonysarno1/.npm/registry.npmjs.org/commander/.cache.json
188 verbose correctMkdir /Users/anthonysarno1/.npm correctMkdir not in flight; initializing
189 silly cache afterAdd commander@2.7.1
190 verbose afterAdd /Users/anthonysarno1/.npm/commander/2.7.1/package/package.json not in flight; writing
191 verbose correctMkdir /Users/anthonysarno1/.npm correctMkdir not in flight; initializing
192 verbose afterAdd /Users/anthonysarno1/.npm/commander/2.7.1/package/package.json written
193 http 304 https://registry.npmjs.org/mkdirp
194 verbose headers { date: 'Fri, 28 Oct 2016 19:18:43 GMT',
194 verbose headers   via: '1.1 varnish',
194 verbose headers   'cache-control': 'max-age=300',
194 verbose headers   etag: '"2N1IBJGW5O8X8Y54NBGK7UVCW"',
194 verbose headers   age: '27',
194 verbose headers   connection: 'keep-alive',
194 verbose headers   'x-served-by': 'cache-sea1922-SEA',
194 verbose headers   'x-cache': 'HIT',
194 verbose headers   'x-cache-hits': '194',
194 verbose headers   'x-timer': 'S1477682323.811730,VS0,VE0',
194 verbose headers   vary: 'Accept-Encoding' }
195 silly get cb [ 304,
195 silly get   { date: 'Fri, 28 Oct 2016 19:18:43 GMT',
195 silly get     via: '1.1 varnish',
195 silly get     'cache-control': 'max-age=300',
195 silly get     etag: '"2N1IBJGW5O8X8Y54NBGK7UVCW"',
195 silly get     age: '27',
195 silly get     connection: 'keep-alive',
195 silly get     'x-served-by': 'cache-sea1922-SEA',
195 silly get     'x-cache': 'HIT',
195 silly get     'x-cache-hits': '194',
195 silly get     'x-timer': 'S1477682323.811730,VS0,VE0',
195 silly get     vary: 'Accept-Encoding' } ]
196 verbose etag https://registry.npmjs.org/mkdirp from cache
197 verbose get saving mkdirp to /Users/anthonysarno1/.npm/registry.npmjs.org/mkdirp/.cache.json
198 verbose correctMkdir /Users/anthonysarno1/.npm correctMkdir not in flight; initializing
199 http 304 https://registry.npmjs.org/sorted-object
200 verbose headers { date: 'Fri, 28 Oct 2016 19:18:43 GMT',
200 verbose headers   via: '1.1 varnish',
200 verbose headers   'cache-control': 'max-age=300',
200 verbose headers   etag: '"27R273M6KXDTRMCP5XWO1KLEV"',
200 verbose headers   age: '64',
200 verbose headers   connection: 'keep-alive',
200 verbose headers   'x-served-by': 'cache-sea1924-SEA',
200 verbose headers   'x-cache': 'HIT',
200 verbose headers   'x-cache-hits': '2',
200 verbose headers   'x-timer': 'S1477682323.815103,VS0,VE0',
200 verbose headers   vary: 'Accept-Encoding' }
201 silly get cb [ 304,
201 silly get   { date: 'Fri, 28 Oct 2016 19:18:43 GMT',
201 silly get     via: '1.1 varnish',
201 silly get     'cache-control': 'max-age=300',
201 silly get     etag: '"27R273M6KXDTRMCP5XWO1KLEV"',
201 silly get     age: '64',
201 silly get     connection: 'keep-alive',
201 silly get     'x-served-by': 'cache-sea1924-SEA',
201 silly get     'x-cache': 'HIT',
201 silly get     'x-cache-hits': '2',
201 silly get     'x-timer': 'S1477682323.815103,VS0,VE0',
201 silly get     vary: 'Accept-Encoding' } ]
202 verbose etag https://registry.npmjs.org/sorted-object from cache
203 verbose get saving sorted-object to /Users/anthonysarno1/.npm/registry.npmjs.org/sorted-object/.cache.json
204 verbose correctMkdir /Users/anthonysarno1/.npm correctMkdir not in flight; initializing
205 silly cache afterAdd sorted-object@2.0.0
206 verbose afterAdd /Users/anthonysarno1/.npm/sorted-object/2.0.0/package/package.json not in flight; writing
207 verbose correctMkdir /Users/anthonysarno1/.npm correctMkdir not in flight; initializing
208 silly cache afterAdd mkdirp@0.5.1
209 verbose afterAdd /Users/anthonysarno1/.npm/mkdirp/0.5.1/package/package.json not in flight; writing
210 verbose correctMkdir /Users/anthonysarno1/.npm correctMkdir not in flight; initializing
211 verbose afterAdd /Users/anthonysarno1/.npm/mkdirp/0.5.1/package/package.json written
212 verbose afterAdd /Users/anthonysarno1/.npm/sorted-object/2.0.0/package/package.json written
213 silly install resolved [ { name: 'commander',
213 silly install resolved     version: '2.7.1',
213 silly install resolved     description: 'the complete solution for node.js command-line programs',
213 silly install resolved     keywords: [ 'command', 'option', 'parser' ],
213 silly install resolved     author: { name: 'TJ Holowaychuk', email: 'tj@vision-media.ca' },
213 silly install resolved     license: 'MIT',
213 silly install resolved     repository:
213 silly install resolved      { type: 'git',
213 silly install resolved        url: 'git+https://github.com/tj/commander.js.git' },
213 silly install resolved     devDependencies: { should: '>= 0.0.1' },
213 silly install resolved     scripts: { test: 'make test' },
213 silly install resolved     main: 'index',
213 silly install resolved     engines: { node: '>= 0.6.x' },
213 silly install resolved     files: [ 'index.js' ],
213 silly install resolved     dependencies: { 'graceful-readlink': '>= 1.0.0' },
213 silly install resolved     gitHead: '103654f8f32c010ad1e62cefc9ab92d7c8d18c8e',
213 silly install resolved     bugs: { url: 'https://github.com/tj/commander.js/issues' },
213 silly install resolved     homepage: 'https://github.com/tj/commander.js',
213 silly install resolved     _id: 'commander@2.7.1',
213 silly install resolved     _shasum: '5d419a2bbed2c32ee3e4dca9bb45ab83ecc3065a',
213 silly install resolved     _from: 'commander@2.7.1',
213 silly install resolved     _npmVersion: '2.1.17',
213 silly install resolved     _nodeVersion: '0.11.14',
213 silly install resolved     _npmUser: { name: 'zhiyelee', email: 'zhiyelee@gmail.com' },
213 silly install resolved     maintainers: [ [Object], [Object], [Object], [Object] ],
213 silly install resolved     dist:
213 silly install resolved      { shasum: '5d419a2bbed2c32ee3e4dca9bb45ab83ecc3065a',
213 silly install resolved        tarball: 'https://registry.npmjs.org/commander/-/commander-2.7.1.tgz' },
213 silly install resolved     directories: {},
213 silly install resolved     _resolved: 'https://registry.npmjs.org/commander/-/commander-2.7.1.tgz',
213 silly install resolved     readme: 'ERROR: No README data found!' },
213 silly install resolved   { name: 'mkdirp',
213 silly install resolved     description: 'Recursively mkdir, like `mkdir -p`',
213 silly install resolved     version: '0.5.1',
213 silly install resolved     author:
213 silly install resolved      { name: 'James Halliday',
213 silly install resolved        email: 'mail@substack.net',
213 silly install resolved        url: 'http://substack.net' },
213 silly install resolved     main: 'index.js',
213 silly install resolved     keywords: [ 'mkdir', 'directory' ],
213 silly install resolved     repository:
213 silly install resolved      { type: 'git',
213 silly install resolved        url: 'git+https://github.com/substack/node-mkdirp.git' },
213 silly install resolved     scripts: { test: 'tap test/*.js' },
213 silly install resolved     dependencies: { minimist: '0.0.8' },
213 silly install resolved     devDependencies: { tap: '1', 'mock-fs': '2 >=2.7.0' },
213 silly install resolved     bin: { mkdirp: 'bin/cmd.js' },
213 silly install resolved     license: 'MIT',
213 silly install resolved     gitHead: 'd4eff0f06093aed4f387e88e9fc301cb76beedc7',
213 silly install resolved     bugs: { url: 'https://github.com/substack/node-mkdirp/issues' },
213 silly install resolved     homepage: 'https://github.com/substack/node-mkdirp#readme',
213 silly install resolved     _id: 'mkdirp@0.5.1',
213 silly install resolved     _shasum: '30057438eac6cf7f8c4767f38648d6697d75c903',
213 silly install resolved     _from: 'mkdirp@0.5.1',
213 silly install resolved     _npmVersion: '2.9.0',
213 silly install resolved     _nodeVersion: '2.0.0',
213 silly install resolved     _npmUser: { name: 'substack', email: 'substack@gmail.com' },
213 silly install resolved     dist:
213 silly install resolved      { shasum: '30057438eac6cf7f8c4767f38648d6697d75c903',
213 silly install resolved        tarball: 'https://registry.npmjs.org/mkdirp/-/mkdirp-0.5.1.tgz' },
213 silly install resolved     maintainers: [ [Object] ],
213 silly install resolved     directories: {},
213 silly install resolved     _resolved: 'https://registry.npmjs.org/mkdirp/-/mkdirp-0.5.1.tgz',
213 silly install resolved     readme: 'ERROR: No README data found!' },
213 silly install resolved   { name: 'sorted-object',
213 silly install resolved     description: 'Returns a copy of an object with its keys sorted',
213 silly install resolved     keywords: [ 'sort', 'keys', 'object' ],
213 silly install resolved     version: '2.0.0',
213 silly install resolved     author:
213 silly install resolved      { name: 'Domenic Denicola',
213 silly install resolved        email: 'd@domenic.me',
213 silly install resolved        url: 'https://domenic.me/' },
213 silly install resolved     license: 'WTFPL',
213 silly install resolved     repository:
213 silly install resolved      { type: 'git',
213 silly install resolved        url: 'git+https://github.com/domenic/sorted-object.git' },
213 silly install resolved     main: 'lib/sorted-object.js',
213 silly install resolved     files: [ 'lib/' ],
213 silly install resolved     scripts: { test: 'tape test/tests.js', lint: 'eslint .' },
213 silly install resolved     devDependencies: { eslint: '^2.4.0', tape: '^4.5.1' },
213 silly install resolved     gitHead: '3cbdde212c8ceef219fbb8fa7805bfc38b94aa90',
213 silly install resolved     bugs: { url: 'https://github.com/domenic/sorted-object/issues' },
213 silly install resolved     homepage: 'https://github.com/domenic/sorted-object#readme',
213 silly install resolved     _id: 'sorted-object@2.0.0',
213 silly install resolved     _shasum: '1cfea981609047d8043807a490a9d99b317faf7f',
213 silly install resolved     _from: 'sorted-object@2.0.0',
213 silly install resolved     _npmVersion: '3.6.0',
213 silly install resolved     _nodeVersion: '5.7.1',
213 silly install resolved     _npmUser: { name: 'domenic', email: 'd@domenic.me' },
213 silly install resolved     dist:
213 silly install resolved      { shasum: '1cfea981609047d8043807a490a9d99b317faf7f',
213 silly install resolved        tarball: 'https://registry.npmjs.org/sorted-object/-/sorted-object-2.0.0.tgz' },
213 silly install resolved     maintainers: [ [Object] ],
213 silly install resolved     _npmOperationalInternal:
213 silly install resolved      { host: 'packages-12-west.internal.npmjs.com',
213 silly install resolved        tmp: 'tmp/sorted-object-2.0.0.tgz_1457910693572_0.6718082851730287' },
213 silly install resolved     directories: {},
213 silly install resolved     _resolved: 'https://registry.npmjs.org/sorted-object/-/sorted-object-2.0.0.tgz',
213 silly install resolved     readme: 'ERROR: No README data found!' } ]
214 info install commander@2.7.1 into /Users/anthonysarno1/node_modules/express-generator
215 info install mkdirp@0.5.1 into /Users/anthonysarno1/node_modules/express-generator
216 info install sorted-object@2.0.0 into /Users/anthonysarno1/node_modules/express-generator
217 info installOne commander@2.7.1
218 verbose installOne of commander to /Users/anthonysarno1/node_modules/express-generator not in flight; installing
219 verbose correctMkdir /Users/anthonysarno1/.npm/_locks correctMkdir not in flight; initializing
220 info installOne mkdirp@0.5.1
221 verbose installOne of mkdirp to /Users/anthonysarno1/node_modules/express-generator not in flight; installing
222 verbose correctMkdir /Users/anthonysarno1/.npm/_locks correctMkdir not in flight; initializing
223 info installOne sorted-object@2.0.0
224 verbose installOne of sorted-object to /Users/anthonysarno1/node_modules/express-generator not in flight; installing
225 verbose correctMkdir /Users/anthonysarno1/.npm/_locks correctMkdir not in flight; initializing
226 verbose lock using /Users/anthonysarno1/.npm/_locks/commander-a3dc246a8a1d8f68.lock for /Users/anthonysarno1/node_modules/express-generator/node_modules/commander
227 verbose lock using /Users/anthonysarno1/.npm/_locks/mkdirp-00c161a47043655b.lock for /Users/anthonysarno1/node_modules/express-generator/node_modules/mkdirp
228 silly install write writing commander 2.7.1 to /Users/anthonysarno1/node_modules/express-generator/node_modules/commander
229 silly install write writing mkdirp 0.5.1 to /Users/anthonysarno1/node_modules/express-generator/node_modules/mkdirp
230 verbose lock using /Users/anthonysarno1/.npm/_locks/sorted-object-e698b915275eb017.lock for /Users/anthonysarno1/node_modules/express-generator/node_modules/sorted-object
231 silly install write writing sorted-object 2.0.0 to /Users/anthonysarno1/node_modules/express-generator/node_modules/sorted-object
232 verbose unbuild node_modules/express-generator/node_modules/commander
233 verbose unbuild node_modules/express-generator/node_modules/sorted-object
234 verbose unbuild node_modules/express-generator/node_modules/mkdirp
235 silly gentlyRm /Users/anthonysarno1/node_modules/express-generator/node_modules/commander is being purged from base /Users/anthonysarno1
236 verbose gentlyRm don't care about contents; nuking /Users/anthonysarno1/node_modules/express-generator/node_modules/commander
237 verbose tar unpack /Users/anthonysarno1/.npm/commander/2.7.1/package.tgz
238 verbose tar unpacking to /Users/anthonysarno1/node_modules/express-generator/node_modules/commander
239 silly gentlyRm /Users/anthonysarno1/node_modules/express-generator/node_modules/commander is being purged
240 verbose gentlyRm don't care about contents; nuking /Users/anthonysarno1/node_modules/express-generator/node_modules/commander
241 silly gentlyRm /Users/anthonysarno1/node_modules/express-generator/node_modules/sorted-object is being purged from base /Users/anthonysarno1
242 verbose gentlyRm don't care about contents; nuking /Users/anthonysarno1/node_modules/express-generator/node_modules/sorted-object
243 silly gentlyRm /Users/anthonysarno1/node_modules/express-generator/node_modules/mkdirp is being purged from base /Users/anthonysarno1
244 verbose gentlyRm don't care about contents; nuking /Users/anthonysarno1/node_modules/express-generator/node_modules/mkdirp
245 silly gunzTarPerm modes [ '755', '644' ]
246 verbose tar unpack /Users/anthonysarno1/.npm/sorted-object/2.0.0/package.tgz
247 verbose tar unpacking to /Users/anthonysarno1/node_modules/express-generator/node_modules/sorted-object
248 silly gentlyRm /Users/anthonysarno1/node_modules/express-generator/node_modules/sorted-object is being purged
249 verbose gentlyRm don't care about contents; nuking /Users/anthonysarno1/node_modules/express-generator/node_modules/sorted-object
250 verbose tar unpack /Users/anthonysarno1/.npm/mkdirp/0.5.1/package.tgz
251 verbose tar unpacking to /Users/anthonysarno1/node_modules/express-generator/node_modules/mkdirp
252 silly gentlyRm /Users/anthonysarno1/node_modules/express-generator/node_modules/mkdirp is being purged
253 verbose gentlyRm don't care about contents; nuking /Users/anthonysarno1/node_modules/express-generator/node_modules/mkdirp
254 silly gunzTarPerm modes [ '755', '644' ]
255 silly gunzTarPerm modes [ '755', '644' ]
256 silly gunzTarPerm extractEntry package.json
257 silly gunzTarPerm modified mode [ 'package.json', 436, 420 ]
258 silly gunzTarPerm extractEntry package.json
259 silly gunzTarPerm modified mode [ 'package.json', 438, 420 ]
260 silly gunzTarPerm extractEntry package.json
261 silly gunzTarPerm extractEntry LICENSE
262 silly gunzTarPerm modified mode [ 'LICENSE', 436, 420 ]
263 silly gunzTarPerm extractEntry index.js
264 silly gunzTarPerm modified mode [ 'index.js', 436, 420 ]
265 silly gunzTarPerm extractEntry README.md
266 silly gunzTarPerm modified mode [ 'README.md', 438, 420 ]
267 silly gunzTarPerm extractEntry LICENSE.txt
268 silly gunzTarPerm modified mode [ 'LICENSE.txt', 438, 420 ]
269 silly gunzTarPerm extractEntry LICENSE
270 silly gunzTarPerm extractEntry index.js
271 silly gunzTarPerm extractEntry History.md
272 silly gunzTarPerm modified mode [ 'History.md', 436, 420 ]
273 silly gunzTarPerm extractEntry .travis.yml
274 silly gunzTarPerm extractEntry bin/cmd.js
275 silly gunzTarPerm extractEntry lib/sorted-object.js
276 silly gunzTarPerm modified mode [ 'lib/sorted-object.js', 438, 420 ]
277 silly gunzTarPerm extractEntry Readme.md
278 silly gunzTarPerm modified mode [ 'Readme.md', 436, 420 ]
279 silly gunzTarPerm extractEntry bin/usage.txt
280 silly gunzTarPerm extractEntry examples/pow.js
281 silly gunzTarPerm extractEntry readme.markdown
282 silly gunzTarPerm extractEntry test/chmod.js
283 silly gunzTarPerm extractEntry test/opts_fs_sync.js
284 verbose write writing to /Users/anthonysarno1/node_modules/express-generator/node_modules/sorted-object/package.json
285 silly gunzTarPerm extractEntry test/perm.js
286 silly gunzTarPerm extractEntry test/perm_sync.js
287 info preinstall sorted-object@2.0.0
288 verbose readDependencies loading dependencies from /Users/anthonysarno1/node_modules/express-generator/node_modules/sorted-object/package.json
289 verbose write writing to /Users/anthonysarno1/node_modules/express-generator/node_modules/commander/package.json
290 silly gunzTarPerm extractEntry test/opts_fs.js
291 silly gunzTarPerm extractEntry test/rel.js
292 verbose readDependencies loading dependencies from /Users/anthonysarno1/node_modules/express-generator/node_modules/sorted-object/package.json
293 info preinstall commander@2.7.1
294 silly install resolved []
295 verbose about to build /Users/anthonysarno1/node_modules/express-generator/node_modules/sorted-object
296 info build /Users/anthonysarno1/node_modules/express-generator/node_modules/sorted-object
297 verbose readDependencies loading dependencies from /Users/anthonysarno1/node_modules/express-generator/node_modules/commander/package.json
298 info linkStuff sorted-object@2.0.0
299 silly linkStuff sorted-object@2.0.0 has /Users/anthonysarno1/node_modules/express-generator/node_modules as its parent node_modules
300 silly gunzTarPerm extractEntry test/return.js
301 silly gunzTarPerm extractEntry test/return_sync.js
302 silly prepareForInstallMany adding graceful-readlink@>= 1.0.0 from commander dependencies
303 verbose readDependencies loading dependencies from /Users/anthonysarno1/node_modules/express-generator/node_modules/commander/package.json
304 verbose linkBins sorted-object@2.0.0
305 verbose linkMans sorted-object@2.0.0
306 verbose rebuildBundles sorted-object@2.0.0
307 info install sorted-object@2.0.0
308 info postinstall sorted-object@2.0.0
309 silly cache add args [ 'graceful-readlink@>= 1.0.0', null ]
310 verbose cache add spec graceful-readlink@>= 1.0.0
311 silly cache add parsed spec Result {
311 silly cache add   raw: 'graceful-readlink@>= 1.0.0',
311 silly cache add   scope: null,
311 silly cache add   name: 'graceful-readlink',
311 silly cache add   rawSpec: '>= 1.0.0',
311 silly cache add   spec: '>=1.0.0',
311 silly cache add   type: 'range' }
312 silly addNamed graceful-readlink@>=1.0.0
313 verbose addNamed ">=1.0.0" is a valid semver range for graceful-readlink
314 silly addNameRange { name: 'graceful-readlink', range: '>=1.0.0', hasData: false }
315 silly mapToRegistry name graceful-readlink
316 silly mapToRegistry using default registry
317 silly mapToRegistry registry https://registry.npmjs.org/
318 silly mapToRegistry data Result {
318 silly mapToRegistry   raw: 'graceful-readlink',
318 silly mapToRegistry   scope: null,
318 silly mapToRegistry   name: 'graceful-readlink',
318 silly mapToRegistry   rawSpec: '',
318 silly mapToRegistry   spec: 'latest',
318 silly mapToRegistry   type: 'tag' }
319 silly mapToRegistry uri https://registry.npmjs.org/graceful-readlink
320 verbose addNameRange registry:https://registry.npmjs.org/graceful-readlink not in flight; fetching
321 silly gunzTarPerm extractEntry test/root.js
322 silly gunzTarPerm extractEntry test/sync.js
323 verbose unlock done using /Users/anthonysarno1/.npm/_locks/sorted-object-e698b915275eb017.lock for /Users/anthonysarno1/node_modules/express-generator/node_modules/sorted-object
324 verbose request uri https://registry.npmjs.org/graceful-readlink
325 verbose request no auth needed
326 info attempt registry request try #1 at 12:18:47 PM
327 verbose etag "4Y89F8JDJP0YPHGBB0IMVMPJA"
328 http request GET https://registry.npmjs.org/graceful-readlink
329 silly gunzTarPerm extractEntry test/mkdirp.js
330 silly gunzTarPerm extractEntry test/umask.js
331 silly gunzTarPerm extractEntry test/clobber.js
332 silly gunzTarPerm extractEntry test/umask_sync.js
333 silly gunzTarPerm extractEntry test/race.js
334 verbose write writing to /Users/anthonysarno1/node_modules/express-generator/node_modules/mkdirp/package.json
335 info preinstall mkdirp@0.5.1
336 verbose readDependencies loading dependencies from /Users/anthonysarno1/node_modules/express-generator/node_modules/mkdirp/package.json
337 silly prepareForInstallMany adding minimist@0.0.8 from mkdirp dependencies
338 verbose readDependencies loading dependencies from /Users/anthonysarno1/node_modules/express-generator/node_modules/mkdirp/package.json
339 silly cache add args [ 'minimist@0.0.8', null ]
340 verbose cache add spec minimist@0.0.8
341 silly cache add parsed spec Result {
341 silly cache add   raw: 'minimist@0.0.8',
341 silly cache add   scope: null,
341 silly cache add   name: 'minimist',
341 silly cache add   rawSpec: '0.0.8',
341 silly cache add   spec: '0.0.8',
341 silly cache add   type: 'version' }
342 silly addNamed minimist@0.0.8
343 verbose addNamed "0.0.8" is a plain semver version for minimist
344 silly mapToRegistry name minimist
345 silly mapToRegistry using default registry
346 silly mapToRegistry registry https://registry.npmjs.org/
347 silly mapToRegistry data Result {
347 silly mapToRegistry   raw: 'minimist',
347 silly mapToRegistry   scope: null,
347 silly mapToRegistry   name: 'minimist',
347 silly mapToRegistry   rawSpec: '',
347 silly mapToRegistry   spec: 'latest',
347 silly mapToRegistry   type: 'tag' }
348 silly mapToRegistry uri https://registry.npmjs.org/minimist
349 verbose addNameVersion registry:https://registry.npmjs.org/minimist not in flight; fetching
350 verbose request uri https://registry.npmjs.org/minimist
351 verbose request no auth needed
352 info attempt registry request try #1 at 12:18:47 PM
353 verbose etag "ADKZ8S1HTN6X5D7P3F0V4B826"
354 http request GET https://registry.npmjs.org/minimist
355 http 304 https://registry.npmjs.org/graceful-readlink
356 verbose headers { date: 'Fri, 28 Oct 2016 19:18:43 GMT',
356 verbose headers   via: '1.1 varnish',
356 verbose headers   'cache-control': 'max-age=300',
356 verbose headers   etag: '"4Y89F8JDJP0YPHGBB0IMVMPJA"',
356 verbose headers   age: '191',
356 verbose headers   connection: 'keep-alive',
356 verbose headers   'x-served-by': 'cache-sea1925-SEA',
356 verbose headers   'x-cache': 'HIT',
356 verbose headers   'x-cache-hits': '39',
356 verbose headers   'x-timer': 'S1477682323.939861,VS0,VE0',
356 verbose headers   vary: 'Accept-Encoding' }
357 silly get cb [ 304,
357 silly get   { date: 'Fri, 28 Oct 2016 19:18:43 GMT',
357 silly get     via: '1.1 varnish',
357 silly get     'cache-control': 'max-age=300',
357 silly get     etag: '"4Y89F8JDJP0YPHGBB0IMVMPJA"',
357 silly get     age: '191',
357 silly get     connection: 'keep-alive',
357 silly get     'x-served-by': 'cache-sea1925-SEA',
357 silly get     'x-cache': 'HIT',
357 silly get     'x-cache-hits': '39',
357 silly get     'x-timer': 'S1477682323.939861,VS0,VE0',
357 silly get     vary: 'Accept-Encoding' } ]
358 verbose etag https://registry.npmjs.org/graceful-readlink from cache
359 verbose get saving graceful-readlink to /Users/anthonysarno1/.npm/registry.npmjs.org/graceful-readlink/.cache.json
360 verbose correctMkdir /Users/anthonysarno1/.npm correctMkdir not in flight; initializing
361 silly addNameRange number 2 { name: 'graceful-readlink', range: '>=1.0.0', hasData: true }
362 silly addNameRange versions [ 'graceful-readlink', [ '1.0.0', '1.0.1' ] ]
363 silly addNamed graceful-readlink@1.0.1
364 verbose addNamed "1.0.1" is a plain semver version for graceful-readlink
365 silly cache afterAdd graceful-readlink@1.0.1
366 verbose afterAdd /Users/anthonysarno1/.npm/graceful-readlink/1.0.1/package/package.json not in flight; writing
367 verbose correctMkdir /Users/anthonysarno1/.npm correctMkdir not in flight; initializing
368 verbose afterAdd /Users/anthonysarno1/.npm/graceful-readlink/1.0.1/package/package.json written
369 silly install resolved [ { name: 'graceful-readlink',
369 silly install resolved     version: '1.0.1',
369 silly install resolved     description: 'graceful fs.readlink',
369 silly install resolved     main: 'index.js',
369 silly install resolved     repository:
369 silly install resolved      { type: 'git',
369 silly install resolved        url: 'git://github.com/zhiyelee/graceful-readlink.git' },
369 silly install resolved     homepage: 'https://github.com/zhiyelee/graceful-readlink',
369 silly install resolved     bugs: { url: 'https://github.com/zhiyelee/graceful-readlink/issues' },
369 silly install resolved     keywords: [ 'fs.readlink', 'readlink' ],
369 silly install resolved     author: { name: 'zhiyelee' },
369 silly install resolved     license: 'MIT',
369 silly install resolved     scripts: { test: 'echo "Error: no test specified" && exit 1' },
369 silly install resolved     gitHead: 'f6655275bebef706fb63fd01b5f062a7052419a5',
369 silly install resolved     _id: 'graceful-readlink@1.0.1',
369 silly install resolved     _shasum: '4cafad76bc62f02fa039b2f94e9a3dd3a391a725',
369 silly install resolved     _from: 'graceful-readlink@>=1.0.0',
369 silly install resolved     _npmVersion: '2.1.17',
369 silly install resolved     _nodeVersion: '0.11.14',
369 silly install resolved     _npmUser: { name: 'zhiyelee', email: 'zhiyelee@gmail.com' },
369 silly install resolved     maintainers: [ [Object] ],
369 silly install resolved     dist:
369 silly install resolved      { shasum: '4cafad76bc62f02fa039b2f94e9a3dd3a391a725',
369 silly install resolved        tarball: 'https://registry.npmjs.org/graceful-readlink/-/graceful-readlink-1.0.1.tgz' },
369 silly install resolved     directories: {},
369 silly install resolved     _resolved: 'https://registry.npmjs.org/graceful-readlink/-/graceful-readlink-1.0.1.tgz',
369 silly install resolved     readme: 'ERROR: No README data found!' } ]
370 info install graceful-readlink@1.0.1 into /Users/anthonysarno1/node_modules/express-generator/node_modules/commander
371 info installOne graceful-readlink@1.0.1
372 verbose installOne of graceful-readlink to /Users/anthonysarno1/node_modules/express-generator/node_modules/commander not in flight; installing
373 verbose correctMkdir /Users/anthonysarno1/.npm/_locks correctMkdir not in flight; initializing
374 verbose lock using /Users/anthonysarno1/.npm/_locks/graceful-readlink-9c68a911c91ff462.lock for /Users/anthonysarno1/node_modules/express-generator/node_modules/commander/node_modules/graceful-readlink
375 silly install write writing graceful-readlink 1.0.1 to /Users/anthonysarno1/node_modules/express-generator/node_modules/commander/node_modules/graceful-readlink
376 verbose unbuild node_modules/express-generator/node_modules/commander/node_modules/graceful-readlink
377 silly gentlyRm /Users/anthonysarno1/node_modules/express-generator/node_modules/commander/node_modules/graceful-readlink is being purged from base /Users/anthonysarno1
378 verbose gentlyRm don't care about contents; nuking /Users/anthonysarno1/node_modules/express-generator/node_modules/commander/node_modules/graceful-readlink
379 verbose tar unpack /Users/anthonysarno1/.npm/graceful-readlink/1.0.1/package.tgz
380 verbose tar unpacking to /Users/anthonysarno1/node_modules/express-generator/node_modules/commander/node_modules/graceful-readlink
381 silly gentlyRm /Users/anthonysarno1/node_modules/express-generator/node_modules/commander/node_modules/graceful-readlink is being purged
382 verbose gentlyRm don't care about contents; nuking /Users/anthonysarno1/node_modules/express-generator/node_modules/commander/node_modules/graceful-readlink
383 silly gunzTarPerm modes [ '755', '644' ]
384 silly gunzTarPerm extractEntry package.json
385 silly gunzTarPerm modified mode [ 'package.json', 436, 420 ]
386 silly gunzTarPerm extractEntry .npmignore
387 silly gunzTarPerm modified mode [ '.npmignore', 436, 420 ]
388 silly gunzTarPerm extractEntry README.md
389 silly gunzTarPerm modified mode [ 'README.md', 436, 420 ]
390 silly gunzTarPerm extractEntry LICENSE
391 silly gunzTarPerm modified mode [ 'LICENSE', 436, 420 ]
392 silly gunzTarPerm extractEntry index.js
393 silly gunzTarPerm modified mode [ 'index.js', 436, 420 ]
394 silly gunzTarPerm extractEntry .travis.yml
395 silly gunzTarPerm modified mode [ '.travis.yml', 436, 420 ]
396 verbose write writing to /Users/anthonysarno1/node_modules/express-generator/node_modules/commander/node_modules/graceful-readlink/package.json
397 info preinstall graceful-readlink@1.0.1
398 verbose readDependencies loading dependencies from /Users/anthonysarno1/node_modules/express-generator/node_modules/commander/node_modules/graceful-readlink/package.json
399 verbose readDependencies loading dependencies from /Users/anthonysarno1/node_modules/express-generator/node_modules/commander/node_modules/graceful-readlink/package.json
400 silly install resolved []
401 verbose about to build /Users/anthonysarno1/node_modules/express-generator/node_modules/commander/node_modules/graceful-readlink
402 info build /Users/anthonysarno1/node_modules/express-generator/node_modules/commander/node_modules/graceful-readlink
403 info linkStuff graceful-readlink@1.0.1
404 silly linkStuff graceful-readlink@1.0.1 has /Users/anthonysarno1/node_modules/express-generator/node_modules/commander/node_modules as its parent node_modules
405 verbose linkBins graceful-readlink@1.0.1
406 verbose linkMans graceful-readlink@1.0.1
407 verbose rebuildBundles graceful-readlink@1.0.1
408 info install graceful-readlink@1.0.1
409 info postinstall graceful-readlink@1.0.1
410 http 304 https://registry.npmjs.org/minimist
411 verbose headers { date: 'Fri, 28 Oct 2016 19:18:43 GMT',
411 verbose headers   via: '1.1 varnish',
411 verbose headers   'cache-control': 'max-age=300',
411 verbose headers   etag: '"ADKZ8S1HTN6X5D7P3F0V4B826"',
411 verbose headers   age: '32',
411 verbose headers   connection: 'keep-alive',
411 verbose headers   'x-served-by': 'cache-sea1922-SEA',
411 verbose headers   'x-cache': 'HIT',
411 verbose headers   'x-cache-hits': '8',
411 verbose headers   'x-timer': 'S1477682323.979742,VS0,VE0',
411 verbose headers   vary: 'Accept-Encoding' }
412 silly get cb [ 304,
412 silly get   { date: 'Fri, 28 Oct 2016 19:18:43 GMT',
412 silly get     via: '1.1 varnish',
412 silly get     'cache-control': 'max-age=300',
412 silly get     etag: '"ADKZ8S1HTN6X5D7P3F0V4B826"',
412 silly get     age: '32',
412 silly get     connection: 'keep-alive',
412 silly get     'x-served-by': 'cache-sea1922-SEA',
412 silly get     'x-cache': 'HIT',
412 silly get     'x-cache-hits': '8',
412 silly get     'x-timer': 'S1477682323.979742,VS0,VE0',
412 silly get     vary: 'Accept-Encoding' } ]
413 verbose etag https://registry.npmjs.org/minimist from cache
414 verbose get saving minimist to /Users/anthonysarno1/.npm/registry.npmjs.org/minimist/.cache.json
415 verbose correctMkdir /Users/anthonysarno1/.npm correctMkdir not in flight; initializing
416 verbose unlock done using /Users/anthonysarno1/.npm/_locks/graceful-readlink-9c68a911c91ff462.lock for /Users/anthonysarno1/node_modules/express-generator/node_modules/commander/node_modules/graceful-readlink
417 verbose about to build /Users/anthonysarno1/node_modules/express-generator/node_modules/commander
418 info build /Users/anthonysarno1/node_modules/express-generator/node_modules/commander
419 info linkStuff commander@2.7.1
420 silly linkStuff commander@2.7.1 has /Users/anthonysarno1/node_modules/express-generator/node_modules as its parent node_modules
421 verbose linkBins commander@2.7.1
422 verbose linkMans commander@2.7.1
423 verbose rebuildBundles commander@2.7.1
424 verbose rebuildBundles [ 'graceful-readlink' ]
425 info install commander@2.7.1
426 info postinstall commander@2.7.1
427 silly cache afterAdd minimist@0.0.8
428 verbose afterAdd /Users/anthonysarno1/.npm/minimist/0.0.8/package/package.json not in flight; writing
429 verbose correctMkdir /Users/anthonysarno1/.npm correctMkdir not in flight; initializing
430 verbose unlock done using /Users/anthonysarno1/.npm/_locks/commander-a3dc246a8a1d8f68.lock for /Users/anthonysarno1/node_modules/express-generator/node_modules/commander
431 verbose afterAdd /Users/anthonysarno1/.npm/minimist/0.0.8/package/package.json written
432 silly install resolved [ { name: 'minimist',
432 silly install resolved     version: '0.0.8',
432 silly install resolved     description: 'parse argument options',
432 silly install resolved     main: 'index.js',
432 silly install resolved     devDependencies: { tape: '~1.0.4', tap: '~0.4.0' },
432 silly install resolved     scripts: { test: 'tap test/*.js' },
432 silly install resolved     testling: { files: 'test/*.js', browsers: [Object] },
432 silly install resolved     repository: { type: 'git', url: 'git://github.com/substack/minimist.git' },
432 silly install resolved     homepage: 'https://github.com/substack/minimist',
432 silly install resolved     keywords: [ 'argv', 'getopt', 'parser', 'optimist' ],
432 silly install resolved     author:
432 silly install resolved      { name: 'James Halliday',
432 silly install resolved        email: 'mail@substack.net',
432 silly install resolved        url: 'http://substack.net' },
432 silly install resolved     license: 'MIT',
432 silly install resolved     bugs: { url: 'https://github.com/substack/minimist/issues' },
432 silly install resolved     _id: 'minimist@0.0.8',
432 silly install resolved     dist:
432 silly install resolved      { shasum: '857fcabfc3397d2625b8228262e86aa7a011b05d',
432 silly install resolved        tarball: 'https://registry.npmjs.org/minimist/-/minimist-0.0.8.tgz' },
432 silly install resolved     _from: 'minimist@0.0.8',
432 silly install resolved     _npmVersion: '1.4.3',
432 silly install resolved     _npmUser: { name: 'substack', email: 'mail@substack.net' },
432 silly install resolved     maintainers: [ [Object] ],
432 silly install resolved     directories: {},
432 silly install resolved     _shasum: '857fcabfc3397d2625b8228262e86aa7a011b05d',
432 silly install resolved     _resolved: 'https://registry.npmjs.org/minimist/-/minimist-0.0.8.tgz',
432 silly install resolved     readme: 'ERROR: No README data found!' } ]
433 info install minimist@0.0.8 into /Users/anthonysarno1/node_modules/express-generator/node_modules/mkdirp
434 info installOne minimist@0.0.8
435 verbose installOne of minimist to /Users/anthonysarno1/node_modules/express-generator/node_modules/mkdirp not in flight; installing
436 verbose correctMkdir /Users/anthonysarno1/.npm/_locks correctMkdir not in flight; initializing
437 verbose lock using /Users/anthonysarno1/.npm/_locks/minimist-447e133b6ae985e7.lock for /Users/anthonysarno1/node_modules/express-generator/node_modules/mkdirp/node_modules/minimist
438 silly install write writing minimist 0.0.8 to /Users/anthonysarno1/node_modules/express-generator/node_modules/mkdirp/node_modules/minimist
439 verbose unbuild node_modules/express-generator/node_modules/mkdirp/node_modules/minimist
440 silly gentlyRm /Users/anthonysarno1/node_modules/express-generator/node_modules/mkdirp/node_modules/minimist is being purged from base /Users/anthonysarno1
441 verbose gentlyRm don't care about contents; nuking /Users/anthonysarno1/node_modules/express-generator/node_modules/mkdirp/node_modules/minimist
442 verbose tar unpack /Users/anthonysarno1/.npm/minimist/0.0.8/package.tgz
443 verbose tar unpacking to /Users/anthonysarno1/node_modules/express-generator/node_modules/mkdirp/node_modules/minimist
444 silly gentlyRm /Users/anthonysarno1/node_modules/express-generator/node_modules/mkdirp/node_modules/minimist is being purged
445 verbose gentlyRm don't care about contents; nuking /Users/anthonysarno1/node_modules/express-generator/node_modules/mkdirp/node_modules/minimist
446 silly gunzTarPerm modes [ '755', '644' ]
447 silly gunzTarPerm extractEntry package.json
448 silly gunzTarPerm extractEntry LICENSE
449 silly gunzTarPerm extractEntry index.js
450 silly gunzTarPerm extractEntry .travis.yml
451 silly gunzTarPerm extractEntry example/parse.js
452 silly gunzTarPerm extractEntry readme.markdown
453 silly gunzTarPerm extractEntry test/dash.js
454 silly gunzTarPerm extractEntry test/default_bool.js
455 silly gunzTarPerm extractEntry test/dotted.js
456 silly gunzTarPerm extractEntry test/long.js
457 silly gunzTarPerm extractEntry test/parse.js
458 silly gunzTarPerm extractEntry test/parse_modified.js
459 silly gunzTarPerm extractEntry test/short.js
460 silly gunzTarPerm extractEntry test/whitespace.js
461 verbose write writing to /Users/anthonysarno1/node_modules/express-generator/node_modules/mkdirp/node_modules/minimist/package.json
462 info preinstall minimist@0.0.8
463 verbose readDependencies loading dependencies from /Users/anthonysarno1/node_modules/express-generator/node_modules/mkdirp/node_modules/minimist/package.json
464 verbose readDependencies loading dependencies from /Users/anthonysarno1/node_modules/express-generator/node_modules/mkdirp/node_modules/minimist/package.json
465 silly install resolved []
466 verbose about to build /Users/anthonysarno1/node_modules/express-generator/node_modules/mkdirp/node_modules/minimist
467 info build /Users/anthonysarno1/node_modules/express-generator/node_modules/mkdirp/node_modules/minimist
468 info linkStuff minimist@0.0.8
469 silly linkStuff minimist@0.0.8 has /Users/anthonysarno1/node_modules/express-generator/node_modules/mkdirp/node_modules as its parent node_modules
470 verbose linkBins minimist@0.0.8
471 verbose linkMans minimist@0.0.8
472 verbose rebuildBundles minimist@0.0.8
473 info install minimist@0.0.8
474 info postinstall minimist@0.0.8
475 verbose unlock done using /Users/anthonysarno1/.npm/_locks/minimist-447e133b6ae985e7.lock for /Users/anthonysarno1/node_modules/express-generator/node_modules/mkdirp/node_modules/minimist
476 verbose about to build /Users/anthonysarno1/node_modules/express-generator/node_modules/mkdirp
477 info build /Users/anthonysarno1/node_modules/express-generator/node_modules/mkdirp
478 info linkStuff mkdirp@0.5.1
479 silly linkStuff mkdirp@0.5.1 has /Users/anthonysarno1/node_modules/express-generator/node_modules as its parent node_modules
480 verbose linkBins mkdirp@0.5.1
481 verbose link bins [ { mkdirp: 'bin/cmd.js' },
481 verbose link bins   '/Users/anthonysarno1/node_modules/express-generator/node_modules/.bin',
481 verbose link bins   false ]
482 verbose linkMans mkdirp@0.5.1
483 verbose rebuildBundles mkdirp@0.5.1
484 verbose rebuildBundles [ 'minimist' ]
485 silly gentlyRm /Users/anthonysarno1/node_modules/express-generator/node_modules/.bin/mkdirp is being purged
486 verbose gentlyRm don't care about contents; nuking /Users/anthonysarno1/node_modules/express-generator/node_modules/.bin/mkdirp
487 info install mkdirp@0.5.1
488 info postinstall mkdirp@0.5.1
489 verbose unlock done using /Users/anthonysarno1/.npm/_locks/mkdirp-00c161a47043655b.lock for /Users/anthonysarno1/node_modules/express-generator/node_modules/mkdirp
490 verbose about to build /Users/anthonysarno1/node_modules/express-generator
491 info build /Users/anthonysarno1/node_modules/express-generator
492 info linkStuff express-generator@4.13.4
493 silly linkStuff express-generator@4.13.4 has /Users/anthonysarno1/node_modules as its parent node_modules
494 verbose linkBins express-generator@4.13.4
495 verbose link bins [ { express: './bin/express' },
495 verbose link bins   '/Users/anthonysarno1/node_modules/.bin',
495 verbose link bins   false ]
496 verbose linkMans express-generator@4.13.4
497 verbose rebuildBundles express-generator@4.13.4
498 verbose rebuildBundles [ '.bin', 'commander', 'mkdirp', 'sorted-object' ]
499 silly gentlyRm /Users/anthonysarno1/node_modules/.bin/express is being purged
500 verbose gentlyRm don't care about contents; nuking /Users/anthonysarno1/node_modules/.bin/express
501 info install express-generator@4.13.4
502 info postinstall express-generator@4.13.4
503 verbose unlock done using /Users/anthonysarno1/.npm/_locks/express-generator-b01359facfad8c11.lock for /Users/anthonysarno1/node_modules/express-generator
504 verbose validateInstall loading /Users/anthonysarno1/package.json for validation
505 warn unmet dependency /Users/anthonysarno1/node_modules/eslint-config-rallycoding requires eslint@'^3.2.2' but will load
505 warn unmet dependency /Users/anthonysarno1/node_modules/eslint,
505 warn unmet dependency which is version 1.0.0
506 verbose stack Error: The package eslint@1.0.0 does not satisfy its siblings' peerDependencies requirements!
506 verbose stack     at /usr/local/lib/node_modules/npm/lib/install.js:125:32
506 verbose stack     at /usr/local/lib/node_modules/npm/lib/install.js:268:7
506 verbose stack     at /usr/local/lib/node_modules/npm/node_modules/read-installed/read-installed.js:142:5
506 verbose stack     at /usr/local/lib/node_modules/npm/node_modules/read-installed/read-installed.js:263:14
506 verbose stack     at cb (/usr/local/lib/node_modules/npm/node_modules/slide/lib/async-map.js:47:24)
506 verbose stack     at /usr/local/lib/node_modules/npm/node_modules/read-installed/read-installed.js:263:14
506 verbose stack     at cb (/usr/local/lib/node_modules/npm/node_modules/slide/lib/async-map.js:47:24)
506 verbose stack     at /usr/local/lib/node_modules/npm/node_modules/read-installed/read-installed.js:263:14
506 verbose stack     at cb (/usr/local/lib/node_modules/npm/node_modules/slide/lib/async-map.js:47:24)
506 verbose stack     at /usr/local/lib/node_modules/npm/node_modules/read-installed/read-installed.js:263:14
507 verbose cwd /Users/anthonysarno1/Desktop/ohour
508 error Darwin 16.0.0
509 error argv "/usr/local/bin/node" "/usr/local/bin/npm" "install" "express-generator" "--save"
510 error node v4.6.1
511 error npm  v2.15.9
512 error code EPEERINVALID
513 error peerinvalid The package eslint@1.0.0 does not satisfy its siblings' peerDependencies requirements!
514 verbose exit [ 1, true ]
